Arguments: 
  /usr/bin/node /home/zamn/.yarn/bin/yarnpkg add tsserver --ignore-engines --ignore-scripts

PATH: 
  /home/zamn/.yarn/bin:/home/zamn/.config/yarn/global/node_modules/.bin:/usr/local/sbin:/usr/local/bin:/usr/sbin:/usr/bin:/sbin:/bin:/usr/games:/usr/local/games:/usr/local/go/bin:/usr/local/go/bin:/usr/lib/go/bin:/home/zamn/code/go/bin:/mnt/c/Windows/System32:./node_modules/.bin:/home/zamn/.local/bin:/usr/bin/core_perl:/home/zamn/.fzf/bin

Yarn version: 
  1.16.0

Node version: 
  11.15.0

Platform: 
  linux x64

Trace: 
  Error: https://registry.yarnpkg.com/tsserver: Not found
      at Request.params.callback [as _callback] (/home/zamn/.yarn/lib/cli.js:66091:18)
      at Request.self.callback (/home/zamn/.yarn/lib/cli.js:129590:22)
      at Request.emit (events.js:193:13)
      at Request.<anonymous> (/home/zamn/.yarn/lib/cli.js:130562:10)
      at Request.emit (events.js:193:13)
      at IncomingMessage.<anonymous> (/home/zamn/.yarn/lib/cli.js:130484:12)
      at Object.onceWrapper (events.js:281:20)
      at IncomingMessage.emit (events.js:198:15)
      at endReadableNT (_stream_readable.js:1139:12)
      at processTicksAndRejections (internal/process/task_queues.js:81:17)

npm manifest: 
  {"dependencies":{}}

yarn manifest: 
  No manifest

Lockfile: 
  No lockfile
